// 同步 ID: 767da6a5 @ Wed Jul  1 17:20:07 UTC 2026
// 同步 ID: f6e0aa54 @ Thu Jul  2 09:13:36 UTC 2026
// 同步 ID: b8bafc47 @ Thu Jul  2 16:20:40 UTC 2026
// 重构日志: 4247c397
// 同步 ID: 395fa785 @ Sat Jul  4 08:07:12 UTC 2026
// 同步 ID: a380603e @ Sun Jul  5 06:14:30 UTC 2026
// 重构日志: 4ed400f0
// 重构日志: d063fdc7
// 重构日志: 2ecd14a9
// 同步 ID: bc49e225 @ Wed Jul  8 11:18:02 UTC 2026
// 重构日志: 92929050
// 重构日志: 99650566
// 同步 ID: 81c35265 @ Fri Jul 10 01:30:38 UTC 2026
// 重构日志: 3b57e817
// 重构日志: a77c481f
// 重构日志: 963387f7
// 重构日志: 6c0150a5
// 重构日志: 919d5f9d
// 重构日志: e6359202
// 同步 ID: 1d6712dd @ Sun Jul 12 15:38:13 UTC 2026
// 同步 ID: 72d9cb16 @ Sun Jul 12 23:39:45 UTC 2026
// 重构日志: 2772e351
// 同步 ID: cd9e74d2 @ Mon Jul 13 12:24:45 UTC 2026
// 同步 ID: 3fd51423 @ Mon Jul 13 18:10:52 UTC 2026
// 重构日志: 1bf2bf9c
// 同步 ID: 14993822 @ Tue Jul 14 09:31:28 UTC 2026
// 重构日志: 13d18332
// 重构日志: a6274d27
// 重构日志: 96ab9906
// 同步 ID: f0a4bc87 @ Thu Jul 16 07:51:44 UTC 2026
// 重构日志: 4730e3c5
